<?xml version="1.0" encoding="UTF-8"?>
<!-- Generated by org.testng.reporters.JUnitXMLReporter -->
<testsuite hostname="matiurs-MacBook-Pro.local" ignored="0" name="Command line test" tests="1" failures="0" timestamp="2021-04-24T13:44:16 EDT" time="0.049" errors="0">
  <testcase name="@BeforeMethod setUp" time="-1.619286256822E9" classname="base.CommonAPI">
    <failure type="org.testng.TestNGException" message="
Parameter &amp;apos;useCloudEnv&amp;apos; is required by BeforeMethod on method setUp but has not been marked @Optional or defined
">
      <![CDATA[org.testng.TestNGException: 
Parameter 'useCloudEnv' is required by BeforeMethod on method setUp but has not been marked @Optional or defined

at java.util.ArrayList.forEach(ArrayList.java:1249)
... Removed 38 stack frames]]>
    </failure>
  </testcase> <!-- @BeforeMethod setUp -->
  <testcase name="@AfterMethod cleanUp" time="-1.619286256835E9" classname="base.CommonAPI">
    <skipped/>
  </testcase> <!-- @AfterMethod cleanUp -->
  <testcase name="readWebText" time="0.0" classname="table.data.TestWebTableData">
    <skipped/>
  </testcase> <!-- readWebText -->
</testsuite> <!-- Command line test -->
