<?xml version="1.0" encoding="UTF-8"?>
<testng-results skipped="0" failed="0" ignored="0" total="1" passed="1">
  <reporter-output>
  </reporter-output>
  <suite name="W3Schools Test Script" duration-ms="7370" started-at="2021-04-24T13:46:28 EDT" finished-at="2021-04-24T13:46:35 EDT">
    <groups>
    </groups>
    <test name="W3Schools Home" duration-ms="7370" started-at="2021-04-24T13:46:28 EDT" finished-at="2021-04-24T13:46:35 EDT">
      <class name="table.data.TestWebTableData">
        <test-method status="PASS" signature="setUp(java.lang.String,java.lang.String,java.lang.String,java.lang.String,java.lang.String,java.lang.String,java.lang.String)[pri:0, instance:table.data.TestWebTableData@64bf3bbf]" name="setUp" is-config="true" duration-ms="6914" started-at="2021-04-24T13:46:28 EDT" finished-at="2021-04-24T13:46:35 EDT">
          <params>
            <param index="0">
              <value>
                <![CDATA[true]]>
              </value>
            </param>
            <param index="1">
              <value>
                <![CDATA[browserstack]]>
              </value>
            </param>
            <param index="2">
              <value>
                <![CDATA[OS X]]>
              </value>
            </param>
            <param index="3">
              <value>
                <![CDATA[Sierra]]>
              </value>
            </param>
            <param index="4">
              <value>
                <![CDATA[chrome]]>
              </value>
            </param>
            <param index="5">
              <value>
                <![CDATA[80.0]]>
              </value>
            </param>
            <param index="6">
              <value>
                <![CDATA[https://www.w3schools.com/sql/sql_select.asp]]>
              </value>
            </param>
          </params>
          <reporter-output>
          </reporter-output>
        </test-method> <!-- setUp -->
        <test-method status="PASS" signature="readWebText()[pri:0, instance:table.data.TestWebTableData@64bf3bbf]" name="readWebText" duration-ms="143" started-at="2021-04-24T13:46:35 EDT" finished-at="2021-04-24T13:46:35 EDT">
          <reporter-output>
          </reporter-output>
        </test-method> <!-- readWebText -->
        <test-method status="PASS" signature="cleanUp()[pri:0, instance:table.data.TestWebTableData@64bf3bbf]" name="cleanUp" is-config="true" duration-ms="272" started-at="2021-04-24T13:46:35 EDT" finished-at="2021-04-24T13:46:35 EDT">
          <reporter-output>
          </reporter-output>
        </test-method> <!-- cleanUp -->
      </class> <!-- table.data.TestWebTableData -->
    </test> <!-- W3Schools Home -->
  </suite> <!-- W3Schools Test Script -->
</testng-results>
